2023-06-27 08:11:06,226 - ____________________________________________________________________________________________________________________
2023-06-27 08:11:06,226 - XGBoost_model
2023-06-27 08:11:06,226 - Description of changes in the model:.....
2023-06-27 08:13:36,078 - Metrics for XGBoost:
2023-06-27 08:13:36,078 - Train AUC: 0.9998448100757071
2023-06-27 08:13:36,078 - Validation AUC: 0.9859608047173084
2023-06-27 08:13:36,084 - Accuracy: 0.9882697947214076
2023-06-27 08:13:36,088 - Precision: 0.953125
2023-06-27 08:13:36,094 - Recall: 0.7652329749103942
2023-06-27 08:13:36,099 - F1-Score: 0.8489065606361827
2023-06-27 08:13:36,104 - Log-Loss: 0.03901830849619951
2023-06-27 08:13:36,109 - MCC: 0.8483825900573914
2023-06-27 08:13:36,111 - Balanced Accuracy: 0.8817697132616487
2023-06-27 08:13:36,113 - Confusion Matrix: 
 [[12379    21]
 [  131   427]]
2023-06-27 08:13:53,346 - Model saved to Models\XGBoost_model-20230627_081353.pickle
2023-06-27 08:14:01,147 - Metrics saved to model_metrics.csv
2023-06-27 08:14:32,999 - ____________________________________________________________________________________________________________________
2023-06-27 08:14:32,999 - XGBoost_model
2023-06-27 08:14:32,999 - Description of changes in the model:.....
2023-06-27 08:16:50,461 - Metrics for XGBoost:
2023-06-27 08:16:50,461 - Train AUC: 0.9998417384825282
2023-06-27 08:16:50,461 - Validation AUC: 0.9725783790561989
2023-06-27 08:16:50,470 - Accuracy: 0.9860317950300972
2023-06-27 08:16:50,474 - Precision: 0.9684466019417476
2023-06-27 08:16:50,479 - Recall: 0.7037037037037037
2023-06-27 08:16:50,483 - F1-Score: 0.81511746680286
2023-06-27 08:16:50,487 - Log-Loss: 0.0490509844549152
2023-06-27 08:16:50,491 - MCC: 0.8191912867840021
2023-06-27 08:16:50,493 - Balanced Accuracy: 0.8513272775640623
2023-06-27 08:16:50,495 - Confusion Matrix: 
 [[12378    13]
 [  168   399]]
2023-06-27 08:17:23,239 - Model saved to Models\XGBoost_model-20230627_081723.pickle
2023-06-27 08:18:51,066 - ____________________________________________________________________________________________________________________
2023-06-27 08:18:51,066 - XGBoost_model
2023-06-27 08:18:51,066 - Description of changes in the model:.....
2023-06-27 08:21:28,057 - Metrics for XGBoost:
2023-06-27 08:21:28,057 - Train AUC: 0.9998578200470922
2023-06-27 08:21:28,057 - Validation AUC: 0.9771784579187794
2023-06-27 08:21:28,066 - Accuracy: 0.9863404846426918
2023-06-27 08:21:28,070 - Precision: 0.9722222222222222
2023-06-27 08:21:28,075 - Recall: 0.717948717948718
2023-06-27 08:21:28,080 - F1-Score: 0.8259587020648967
2023-06-27 08:21:28,083 - Log-Loss: 0.04682639302866356
2023-06-27 08:21:28,089 - MCC: 0.8292275370343867
2023-06-27 08:21:28,091 - Balanced Accuracy: 0.8584894321174932
2023-06-27 08:21:28,093 - Confusion Matrix: 
 [[12361    12]
 [  165   420]]
2023-06-27 08:21:39,303 - Model saved to Models\XGBoost_model-20230627_082139.pickle
2023-06-27 08:21:42,180 - Metrics saved to model_metrics.csv
2023-06-27 09:29:10,927 - ____________________________________________________________________________________________________________________
2023-06-27 09:29:10,927 - XGBoost_model
2023-06-27 09:29:10,927 - Description of changes in the model:.....
2023-06-27 09:37:12,732 - Metrics for XGBoost:
2023-06-27 09:37:12,732 - Train AUC: 0.9998583102124066
2023-06-27 09:37:12,732 - Validation AUC: 0.9744805026805841
2023-06-27 09:37:12,743 - Accuracy: 0.9877295878993672
2023-06-27 09:37:12,743 - Precision: 0.9480812641083521
2023-06-27 09:37:12,753 - Recall: 0.7553956834532374
2023-06-27 09:37:12,760 - F1-Score: 0.8408408408408409
2023-06-27 09:37:12,760 - Log-Loss: 0.043950665333962045
2023-06-27 09:37:12,768 - MCC: 0.8403746420658824
2023-06-27 09:37:12,768 - Balanced Accuracy: 0.8767705719314244
2023-06-27 09:37:12,776 - Confusion Matrix: 
 [[12379    23]
 [  136   420]]
2023-06-27 09:37:13,594 - Model saved to Models\XGBoost_model-20230627_093713.pickle
2023-06-27 09:37:13,626 - Metrics saved to model_metrics.csv
2023-06-27 09:43:31,808 - ____________________________________________________________________________________________________________________
2023-06-27 09:43:31,808 - XGBoost_model
2023-06-27 09:43:31,808 - Description of changes in the model:.....
2023-06-27 09:43:43,683 - Metrics for XGBoost:
2023-06-27 09:43:43,683 - Train AUC: 0.999998376793259
2023-06-27 09:43:43,683 - Validation AUC: 0.975526030857002
2023-06-27 09:43:43,686 - Accuracy: 0.9873437258836241
2023-06-27 09:43:43,686 - Precision: 0.9545454545454546
2023-06-27 09:43:43,691 - Recall: 0.7334558823529411
2023-06-27 09:43:43,699 - F1-Score: 0.8295218295218295
2023-06-27 09:43:43,703 - Log-Loss: 0.04668814345664629
2023-06-27 09:43:43,707 - MCC: 0.830778409944018
2023-06-27 09:43:43,707 - Balanced Accuracy: 0.8659626761531098
2023-06-27 09:43:43,713 - Confusion Matrix: 
 [[12395    19]
 [  145   399]]
2023-06-27 09:43:43,813 - Model saved to Models\XGBoost_model-20230627_094343(test).pickle
2023-06-27 09:43:43,846 - Metrics saved to model_metrics.csv
2023-06-27 09:43:51,951 - Metrics for XGBoost:
2023-06-27 09:43:51,951 - Train AUC: 0.999998376793259
2023-06-27 09:43:51,955 - Validation AUC: 0.975526030857002
2023-06-27 09:43:51,955 - Accuracy: 0.9873437258836241
2023-06-27 09:43:51,960 - Precision: 0.9545454545454546
2023-06-27 09:43:51,963 - Recall: 0.7334558823529411
2023-06-27 09:43:51,968 - F1-Score: 0.8295218295218295
2023-06-27 09:43:51,968 - Log-Loss: 0.04668814345664629
2023-06-27 09:43:51,976 - MCC: 0.830778409944018
2023-06-27 09:43:51,976 - Balanced Accuracy: 0.8659626761531098
2023-06-27 09:43:51,976 - Confusion Matrix: 
 [[12395    19]
 [  145   399]]
2023-06-27 09:43:52,084 - Model saved to Models\XGBoost_model-20230627_094352(test).pickle
2023-06-27 09:43:52,126 - Metrics saved to model_metrics.csv
2023-06-27 09:44:00,232 - Metrics for XGBoost:
2023-06-27 09:44:00,232 - Train AUC: 0.999998376793259
2023-06-27 09:44:00,232 - Validation AUC: 0.975526030857002
2023-06-27 09:44:00,232 - Accuracy: 0.9873437258836241
2023-06-27 09:44:00,241 - Precision: 0.9545454545454546
2023-06-27 09:44:00,243 - Recall: 0.7334558823529411
2023-06-27 09:44:00,250 - F1-Score: 0.8295218295218295
2023-06-27 09:44:00,250 - Log-Loss: 0.04668814345664629
2023-06-27 09:44:00,258 - MCC: 0.830778409944018
2023-06-27 09:44:00,258 - Balanced Accuracy: 0.8659626761531098
2023-06-27 09:44:00,266 - Confusion Matrix: 
 [[12395    19]
 [  145   399]]
2023-06-27 09:44:00,371 - Model saved to Models\XGBoost_model-20230627_094400(test).pickle
2023-06-27 09:44:00,415 - Metrics saved to model_metrics.csv
2023-06-27 09:44:08,982 - Metrics for XGBoost:
2023-06-27 09:44:08,982 - Train AUC: 0.999998376793259
2023-06-27 09:44:08,982 - Validation AUC: 0.975526030857002
2023-06-27 09:44:08,982 - Accuracy: 0.9873437258836241
2023-06-27 09:44:08,989 - Precision: 0.9545454545454546
2023-06-27 09:44:08,989 - Recall: 0.7334558823529411
2023-06-27 09:44:08,997 - F1-Score: 0.8295218295218295
2023-06-27 09:44:08,997 - Log-Loss: 0.04668814345664629
2023-06-27 09:44:09,013 - MCC: 0.830778409944018
2023-06-27 09:44:09,013 - Balanced Accuracy: 0.8659626761531098
2023-06-27 09:44:09,013 - Confusion Matrix: 
 [[12395    19]
 [  145   399]]
2023-06-27 09:44:09,132 - Model saved to Models\XGBoost_model-20230627_094409(test).pickle
2023-06-27 09:44:09,188 - Metrics saved to model_metrics.csv
2023-06-27 09:44:16,556 - Metrics for XGBoost:
2023-06-27 09:44:16,556 - Train AUC: 0.999998376793259
2023-06-27 09:44:16,556 - Validation AUC: 0.975526030857002
2023-06-27 09:44:16,556 - Accuracy: 0.9873437258836241
2023-06-27 09:44:16,564 - Precision: 0.9545454545454546
2023-06-27 09:44:16,572 - Recall: 0.7334558823529411
2023-06-27 09:44:16,579 - F1-Score: 0.8295218295218295
2023-06-27 09:44:16,580 - Log-Loss: 0.04668814345664629
2023-06-27 09:44:16,589 - MCC: 0.830778409944018
2023-06-27 09:44:16,589 - Balanced Accuracy: 0.8659626761531098
2023-06-27 09:44:16,597 - Confusion Matrix: 
 [[12395    19]
 [  145   399]]
2023-06-27 09:44:16,703 - Model saved to Models\XGBoost_model-20230627_094416(test).pickle
2023-06-27 09:44:16,735 - Metrics saved to model_metrics.csv
2023-06-27 09:44:24,429 - Metrics for XGBoost:
2023-06-27 09:44:24,429 - Train AUC: 0.999998376793259
2023-06-27 09:44:24,429 - Validation AUC: 0.975526030857002
2023-06-27 09:44:24,431 - Accuracy: 0.9873437258836241
2023-06-27 09:44:24,434 - Precision: 0.9545454545454546
2023-06-27 09:44:24,439 - Recall: 0.7334558823529411
2023-06-27 09:44:24,446 - F1-Score: 0.8295218295218295
2023-06-27 09:44:24,446 - Log-Loss: 0.04668814345664629
2023-06-27 09:44:24,454 - MCC: 0.830778409944018
2023-06-27 09:44:24,454 - Balanced Accuracy: 0.8659626761531098
2023-06-27 09:44:24,454 - Confusion Matrix: 
 [[12395    19]
 [  145   399]]
2023-06-27 09:44:24,552 - Model saved to Models\XGBoost_model-20230627_094424(test).pickle
2023-06-27 09:44:24,584 - Metrics saved to model_metrics.csv
2023-06-27 09:44:31,570 - Metrics for XGBoost:
2023-06-27 09:44:31,570 - Train AUC: 0.999998376793259
2023-06-27 09:44:31,570 - Validation AUC: 0.975526030857002
2023-06-27 09:44:31,577 - Accuracy: 0.9873437258836241
2023-06-27 09:44:31,578 - Precision: 0.9545454545454546
2023-06-27 09:44:31,587 - Recall: 0.7334558823529411
2023-06-27 09:44:31,587 - F1-Score: 0.8295218295218295
2023-06-27 09:44:31,594 - Log-Loss: 0.04668814345664629
2023-06-27 09:44:31,594 - MCC: 0.830778409944018
2023-06-27 09:44:31,602 - Balanced Accuracy: 0.8659626761531098
2023-06-27 09:44:31,602 - Confusion Matrix: 
 [[12395    19]
 [  145   399]]
2023-06-27 09:44:31,706 - Model saved to Models\XGBoost_model-20230627_094431(test).pickle
2023-06-27 09:44:31,742 - Metrics saved to model_metrics.csv
2023-06-27 09:44:39,077 - Metrics for XGBoost:
2023-06-27 09:44:39,077 - Train AUC: 0.999998376793259
2023-06-27 09:44:39,077 - Validation AUC: 0.975526030857002
2023-06-27 09:44:39,077 - Accuracy: 0.9873437258836241
2023-06-27 09:44:39,085 - Precision: 0.9545454545454546
2023-06-27 09:44:39,085 - Recall: 0.7334558823529411
2023-06-27 09:44:39,093 - F1-Score: 0.8295218295218295
2023-06-27 09:44:39,093 - Log-Loss: 0.04668814345664629
2023-06-27 09:44:39,101 - MCC: 0.830778409944018
2023-06-27 09:44:39,101 - Balanced Accuracy: 0.8659626761531098
2023-06-27 09:44:39,101 - Confusion Matrix: 
 [[12395    19]
 [  145   399]]
2023-06-27 09:44:39,205 - Model saved to Models\XGBoost_model-20230627_094439(test).pickle
2023-06-27 09:44:39,246 - Metrics saved to model_metrics.csv
2023-06-27 09:44:47,414 - Metrics for XGBoost:
2023-06-27 09:44:47,414 - Train AUC: 0.999998376793259
2023-06-27 09:44:47,414 - Validation AUC: 0.975526030857002
2023-06-27 09:44:47,414 - Accuracy: 0.9873437258836241
2023-06-27 09:44:47,420 - Precision: 0.9545454545454546
2023-06-27 09:44:47,428 - Recall: 0.7334558823529411
2023-06-27 09:44:47,428 - F1-Score: 0.8295218295218295
2023-06-27 09:44:47,437 - Log-Loss: 0.04668814345664629
2023-06-27 09:44:47,437 - MCC: 0.830778409944018
2023-06-27 09:44:47,445 - Balanced Accuracy: 0.8659626761531098
2023-06-27 09:44:47,445 - Confusion Matrix: 
 [[12395    19]
 [  145   399]]
2023-06-27 09:44:47,546 - Model saved to Models\XGBoost_model-20230627_094447(test).pickle
2023-06-27 09:44:47,583 - Metrics saved to model_metrics.csv
2023-06-27 09:44:55,099 - Metrics for XGBoost:
2023-06-27 09:44:55,099 - Train AUC: 0.999998376793259
2023-06-27 09:44:55,099 - Validation AUC: 0.975526030857002
2023-06-27 09:44:55,099 - Accuracy: 0.9873437258836241
2023-06-27 09:44:55,107 - Precision: 0.9545454545454546
2023-06-27 09:44:55,115 - Recall: 0.7334558823529411
2023-06-27 09:44:55,115 - F1-Score: 0.8295218295218295
2023-06-27 09:44:55,123 - Log-Loss: 0.04668814345664629
2023-06-27 09:44:55,126 - MCC: 0.830778409944018
2023-06-27 09:44:55,132 - Balanced Accuracy: 0.8659626761531098
2023-06-27 09:44:55,132 - Confusion Matrix: 
 [[12395    19]
 [  145   399]]
2023-06-27 09:44:55,229 - Model saved to Models\XGBoost_model-20230627_094455(test).pickle
2023-06-27 09:44:55,269 - Metrics saved to model_metrics.csv
